\BOOKMARK [0][]{chapter.4}{1 Introduction}{}% 1
\BOOKMARK [0][]{chapter.5}{2 Présentation du projet}{}% 2
\BOOKMARK [0][]{chapter.6}{3 Analyse complémentaires}{}% 3
\BOOKMARK [1][]{section.7}{3.1 Modélisation UML}{chapter.6}% 4
\BOOKMARK [1][]{section.9}{3.2 Fichier XML final + DTD}{chapter.6}% 5
\BOOKMARK [0][]{chapter.10}{4 Application PC}{}% 6
\BOOKMARK [0][]{chapter.11}{5 Application mobile}{}% 7
\BOOKMARK [1][]{section.13}{5.1 Fonctionnalités}{chapter.11}% 8
\BOOKMARK [1][]{section.14}{5.2 La zone d'affichage}{chapter.11}% 9
\BOOKMARK [1][]{section.21}{5.3 La caméra}{chapter.11}% 10
\BOOKMARK [1][]{section.27}{5.4 Les bitmaps}{chapter.11}% 11
\BOOKMARK [1][]{section.29}{5.5 L'historique}{chapter.11}% 12
\BOOKMARK [1][]{section.34}{5.6 JDom}{chapter.11}% 13
\BOOKMARK [0][]{chapter.35}{6 Aspect gestion de projet}{}% 14
\BOOKMARK [1][]{section.36}{6.1 "Feedback" sur le projet}{chapter.35}% 15
\BOOKMARK [1][]{section.37}{6.2 Compétences acquises}{chapter.35}% 16
\BOOKMARK [1][]{section.38}{6.3 Calendrier prévisionnel et calendrier réel}{chapter.35}% 17
\BOOKMARK [1][]{section.39}{6.4 Erreurs commises et problèmes rencontrés}{chapter.35}% 18
\BOOKMARK [0][]{chapter.40}{7 Futur du projet}{}% 19
\BOOKMARK [0][]{chapter.41}{8 Conclusion}{}% 20
