This is pdfTeX, Version 3.1415926-2.3-1.40.12 (MiKTeX 2.9 64-bit) (preloaded format=pdflatex 2012.1.9)  3 JUN 2012 22:15
entering extended mode
**Rapport_ProjetCo.tex
(D:\Programmation\GitHub\bebete\Rapport\Rapport_ProjetCo.tex
LaTeX2e <2011/06/27>
Babel <v3.8m> and hyphenation patterns for english, afrikaans, ancientgreek, ar
abic, armenian, assamese, basque, bengali, bokmal, bulgarian, catalan, coptic, 
croatian, czech, danish, dutch, esperanto, estonian, farsi, finnish, french, ga
lician, german, german-x-2009-06-19, greek, gujarati, hindi, hungarian, iceland
ic, indonesian, interlingua, irish, italian, kannada, kurmanji, lao, latin, lat
vian, lithuanian, malayalam, marathi, mongolian, mongolianlmc, monogreek, ngerm
an, ngerman-x-2009-06-19, nynorsk, oriya, panjabi, pinyin, polish, portuguese, 
romanian, russian, sanskrit, serbian, slovak, slovenian, spanish, swedish, swis
sgerman, tamil, telugu, turkish, turkmen, ukenglish, ukrainian, uppersorbian, u
senglishmax, welsh, loaded.
(D:\Programmation\GitHub\bebete\Rapport\EPURapport.cls
Document Class: EPURapport 2009/10/21 - EPURapport document class
("C:\Program Files\MiKTeX 2.9\tex\latex\lm\lmodern.sty"
Package: lmodern 2009/10/30 v1.6 Latin Modern Fonts
LaTeX Font Info:    Overwriting symbol font `operators' in version `normal'
(Font)                  OT1/cmr/m/n --> OT1/lmr/m/n on input line 22.
LaTeX Font Info:    Overwriting symbol font `letters' in version `normal'
(Font)                  OML/cmm/m/it --> OML/lmm/m/it on input line 23.
LaTeX Font Info:    Overwriting symbol font `symbols' in version `normal'
(Font)                  OMS/cmsy/m/n --> OMS/lmsy/m/n on input line 24.
LaTeX Font Info:    Overwriting symbol font `largesymbols' in version `normal'
(Font)                  OMX/cmex/m/n --> OMX/lmex/m/n on input line 25.
LaTeX Font Info:    Overwriting symbol font `operators' in version `bold'
(Font)                  OT1/cmr/bx/n --> OT1/lmr/bx/n on input line 26.
LaTeX Font Info:    Overwriting symbol font `letters' in version `bold'
(Font)                  OML/cmm/b/it --> OML/lmm/b/it on input line 27.
LaTeX Font Info:    Overwriting symbol font `symbols' in version `bold'
(Font)                  OMS/cmsy/b/n --> OMS/lmsy/b/n on input line 28.
LaTeX Font Info:    Overwriting symbol font `largesymbols' in version `bold'
(Font)                  OMX/cmex/m/n --> OMX/lmex/m/n on input line 29.
LaTeX Font Info:    Overwriting math alphabet `\mathbf' in version `normal'
(Font)                  OT1/cmr/bx/n --> OT1/lmr/bx/n on input line 31.
LaTeX Font Info:    Overwriting math alphabet `\mathsf' in version `normal'
(Font)                  OT1/cmss/m/n --> OT1/lmss/m/n on input line 32.
LaTeX Font Info:    Overwriting math alphabet `\mathit' in version `normal'
(Font)                  OT1/cmr/m/it --> OT1/lmr/m/it on input line 33.
LaTeX Font Info:    Overwriting math alphabet `\mathtt' in version `normal'
(Font)                  OT1/cmtt/m/n --> OT1/lmtt/m/n on input line 34.
LaTeX Font Info:    Overwriting math alphabet `\mathbf' in version `bold'
(Font)                  OT1/cmr/bx/n --> OT1/lmr/bx/n on input line 35.
LaTeX Font Info:    Overwriting math alphabet `\mathsf' in version `bold'
(Font)                  OT1/cmss/bx/n --> OT1/lmss/bx/n on input line 36.
LaTeX Font Info:    Overwriting math alphabet `\mathit' in version `bold'
(Font)                  OT1/cmr/bx/it --> OT1/lmr/bx/it on input line 37.
LaTeX Font Info:    Overwriting math alphabet `\mathtt' in version `bold'
(Font)                  OT1/cmtt/m/n --> OT1/lmtt/m/n on input line 38.
)
("C:\Program Files\MiKTeX 2.9\tex\latex\base\fontenc.sty"
Package: fontenc 2005/09/27 v1.99g Standard LaTeX package

("C:\Program Files\MiKTeX 2.9\tex\latex\base\t1enc.def"
File: t1enc.def 2005/09/27 v1.99g Standard LaTeX file
LaTeX Font Info:    Redeclaring font encoding T1 on input line 43.
))
("C:\Program Files\MiKTeX 2.9\tex\latex\base\ifthen.sty"
Package: ifthen 2001/05/26 v1.1c Standard LaTeX ifthen package (DPC)
)
(C:\Users\Matthieu\AppData\Roaming\MiKTeX\2.9\tex\latex\fancyhdr\fancyhdr.sty
\fancy@headwidth=\skip41
\f@ncyO@elh=\skip42
\f@ncyO@erh=\skip43
\f@ncyO@olh=\skip44
\f@ncyO@orh=\skip45
\f@ncyO@elf=\skip46
\f@ncyO@erf=\skip47
\f@ncyO@olf=\skip48
\f@ncyO@orf=\skip49
)
("C:\Program Files\MiKTeX 2.9\tex\latex\tools\tabularx.sty"
Package: tabularx 1999/01/07 v2.07 `tabularx' package (DPC)

("C:\Program Files\MiKTeX 2.9\tex\latex\tools\array.sty"
Package: array 2008/09/09 v2.4c Tabular extension package (FMi)
\col@sep=\dimen102
\extrarowheight=\dimen103
\NC@list=\toks14
\extratabsurround=\skip50
\backup@length=\skip51
)
\TX@col@width=\dimen104
\TX@old@table=\dimen105
\TX@old@col=\dimen106
\TX@target=\dimen107
\TX@delta=\dimen108
\TX@cols=\count79
\TX@ftn=\toks15
)
("C:\Program Files\MiKTeX 2.9\tex\latex\base\report.cls"
Document Class: report 2007/10/19 v1.4h Standard LaTeX document class
("C:\Program Files\MiKTeX 2.9\tex\latex\base\size11.clo"
File: size11.clo 2007/10/19 v1.4h Standard LaTeX file (size option)
)
\c@part=\count80
\c@chapter=\count81
\c@section=\count82
\c@subsection=\count83
\c@subsubsection=\count84
\c@paragraph=\count85
\c@subparagraph=\count86
\c@figure=\count87
\c@table=\count88
\abovecaptionskip=\skip52
\belowcaptionskip=\skip53
\bibindent=\dimen109
)
("C:\Program Files\MiKTeX 2.9\tex\latex\ltxmisc\url.sty"
\Urlmuskip=\muskip10
Package: url 2006/04/12  ver 3.3  Verb mode for urls, etc.
)
(C:\Users\Matthieu\AppData\Roaming\MiKTeX\2.9\tex\latex\xcolor\xcolor.sty
Package: xcolor 2007/01/21 v2.11 LaTeX color extensions (UK)

("C:\Program Files\MiKTeX 2.9\tex\latex\00miktex\color.cfg"
File: color.cfg 2007/01/18 v1.5 color configuration of teTeX/TeXLive
)
Package xcolor Info: Driver file: pdftex.def on input line 225.

("C:\Program Files\MiKTeX 2.9\tex\latex\pdftex-def\pdftex.def"
File: pdftex.def 2011/05/27 v0.06d Graphics/color for pdfTeX

("C:\Program Files\MiKTeX 2.9\tex\generic\oberdiek\infwarerr.sty"
Package: infwarerr 2010/04/08 v1.3 Providing info/warning/message (HO)
)
("C:\Program Files\MiKTeX 2.9\tex\generic\oberdiek\ltxcmds.sty"
Package: ltxcmds 2011/04/18 v1.20 LaTeX kernel commands for general use (HO)
)
\Gread@gobject=\count89
)
Package xcolor Info: Model `cmy' substituted by `cmy0' on input line 1337.
Package xcolor Info: Model `hsb' substituted by `rgb' on input line 1341.
Package xcolor Info: Model `RGB' extended on input line 1353.
Package xcolor Info: Model `HTML' substituted by `rgb' on input line 1355.
Package xcolor Info: Model `Hsb' substituted by `hsb' on input line 1356.
Package xcolor Info: Model `tHsb' substituted by `hsb' on input line 1357.
Package xcolor Info: Model `HSB' substituted by `hsb' on input line 1358.
Package xcolor Info: Model `Gray' substituted by `gray' on input line 1359.
Package xcolor Info: Model `wave' substituted by `hsb' on input line 1360.
)
(C:\Users\Matthieu\AppData\Roaming\MiKTeX\2.9\tex\latex\comment\comment.sty
\CommentStream=\write3

Excluding comment 'comment')
(C:\Users\Matthieu\AppData\Roaming\MiKTeX\2.9\tex\latex\lastpage\lastpage.sty
Package: lastpage 2011/09/01 v1.2k Refers to last page's name (HMM; JPG)
)
(C:\Users\Matthieu\AppData\Roaming\MiKTeX\2.9\tex\latex\fp\fp.sty
Package: fp 1995/04/02

`Fixed Point Package', Version 0.8, April 2, 1995 (C) Michael Mehlich
(C:\Users\Matthieu\AppData\Roaming\MiKTeX\2.9\tex\latex\fp\defpattern.sty
Package: defpattern 1994/10/12
\actioncount=\count90
)
(C:\Users\Matthieu\AppData\Roaming\MiKTeX\2.9\tex\latex\fp\fp-basic.sty
Package: fp-basic 1996/05/13
\FP@xs=\count91
\FP@xia=\count92
\FP@xib=\count93
\FP@xfa=\count94
\FP@xfb=\count95
\FP@rega=\count96
\FP@regb=\count97
\FP@regs=\count98
\FP@times=\count99
)
(C:\Users\Matthieu\AppData\Roaming\MiKTeX\2.9\tex\latex\fp\fp-addons.sty
Package: fp-addons 1995/03/15
)
(C:\Users\Matthieu\AppData\Roaming\MiKTeX\2.9\tex\latex\fp\fp-snap.sty
Package: fp-snap 1995/04/05
)
(C:\Users\Matthieu\AppData\Roaming\MiKTeX\2.9\tex\latex\fp\fp-exp.sty
Package: fp-exp 1995/04/03
)
(C:\Users\Matthieu\AppData\Roaming\MiKTeX\2.9\tex\latex\fp\fp-trigo.sty
Package: fp-trigo 1995/04/14
)
(C:\Users\Matthieu\AppData\Roaming\MiKTeX\2.9\tex\latex\fp\fp-pas.sty
Package: fp-pas 1994/08/29
)
(C:\Users\Matthieu\AppData\Roaming\MiKTeX\2.9\tex\latex\fp\fp-random.sty
Package: fp-random 1995/02/23
\FPseed=\count100
)
(C:\Users\Matthieu\AppData\Roaming\MiKTeX\2.9\tex\latex\fp\fp-eqn.sty
Package: fp-eqn 1995/04/03
)
(C:\Users\Matthieu\AppData\Roaming\MiKTeX\2.9\tex\latex\fp\fp-upn.sty
Package: fp-upn 1996/10/21
)
(C:\Users\Matthieu\AppData\Roaming\MiKTeX\2.9\tex\latex\fp\fp-eval.sty
Package: fp-eval 1995/04/03
))
("C:\Program Files\MiKTeX 2.9\tex\latex\graphics\graphicx.sty"
Package: graphicx 1999/02/16 v1.0f Enhanced LaTeX Graphics (DPC,SPQR)

("C:\Program Files\MiKTeX 2.9\tex\latex\graphics\keyval.sty"
Package: keyval 1999/03/16 v1.13 key=value parser (DPC)
\KV@toks@=\toks16
)
("C:\Program Files\MiKTeX 2.9\tex\latex\graphics\graphics.sty"
Package: graphics 2009/02/05 v1.0o Standard LaTeX Graphics (DPC,SPQR)

("C:\Program Files\MiKTeX 2.9\tex\latex\graphics\trig.sty"
Package: trig 1999/03/16 v1.09 sin cos tan (DPC)
)
("C:\Program Files\MiKTeX 2.9\tex\latex\00miktex\graphics.cfg"
File: graphics.cfg 2007/01/18 v1.5 graphics configuration of teTeX/TeXLive
)
Package graphics Info: Driver file: pdftex.def on input line 91.
)
\Gin@req@height=\dimen110
\Gin@req@width=\dimen111
)
("C:\Program Files\MiKTeX 2.9\tex\latex\hyperref\hyperref.sty"
Package: hyperref 2011/12/04 v6.82m Hypertext links for LaTeX

("C:\Program Files\MiKTeX 2.9\tex\generic\oberdiek\hobsub-hyperref.sty"
Package: hobsub-hyperref 2011/04/23 v1.4 Bundle oberdiek, subset hyperref (HO)

("C:\Program Files\MiKTeX 2.9\tex\generic\oberdiek\hobsub-generic.sty"
Package: hobsub-generic 2011/04/23 v1.4 Bundle oberdiek, subset generic (HO)
Package: hobsub 2011/04/23 v1.4 Subsetting bundle oberdiek (HO)
Package hobsub Info: Skipping package `infwarerr' (already loaded).
Package hobsub Info: Skipping package `ltxcmds' (already loaded).
Package: ifluatex 2010/03/01 v1.3 Provides the ifluatex switch (HO)
Package ifluatex Info: LuaTeX not detected.
Package: ifvtex 2010/03/01 v1.5 Switches for detecting VTeX and its modes (HO)
Package ifvtex Info: VTeX not detected.
Package: intcalc 2007/09/27 v1.1 Expandable integer calculations (HO)
Package: ifpdf 2011/01/30 v2.3 Provides the ifpdf switch (HO)
Package ifpdf Info: pdfTeX in PDF mode is detected.
Package: etexcmds 2011/02/16 v1.5 Prefix for e-TeX command names (HO)
Package etexcmds Info: Could not find \expanded.
(etexcmds)             That can mean that you are not using pdfTeX 1.50 or
(etexcmds)             that some package has redefined \expanded.
(etexcmds)             In the latter case, load this package earlier.
Package: kvsetkeys 2011/04/07 v1.13 Key value parser (HO)
Package: kvdefinekeys 2011/04/07 v1.3 Defining keys (HO)
Package: pdftexcmds 2011/04/22 v0.16 Utilities of pdfTeX for LuaTeX (HO)
Package pdftexcmds Info: LuaTeX not detected.
Package pdftexcmds Info: \pdf@primitive is available.
Package pdftexcmds Info: \pdf@ifprimitive is available.
Package pdftexcmds Info: \pdfdraftmode found.
Package: pdfescape 2011/04/04 v1.12 Provides string conversions (HO)
Package: bigintcalc 2011/01/30 v1.2 Expandable big integer calculations (HO)
Package: bitset 2011/01/30 v1.1 Data type bit set (HO)
Package: uniquecounter 2011/01/30 v1.2 Provides unlimited unique counter (HO)
)
Package hobsub Info: Skipping package `hobsub' (already loaded).
Package: letltxmacro 2010/09/02 v1.4 Let assignment for LaTeX macros (HO)
Package: hopatch 2011/01/30 v1.0 Wrapper for package hooks (HO)
Package: xcolor-patch 2011/01/30 xcolor patch
Package: atveryend 2011/04/23 v1.7 Hooks at very end of document (HO)
Package: atbegshi 2011/01/30 v1.15 At begin shipout hook (HO)
Package: refcount 2010/12/01 v3.2 Data extraction from references (HO)
Package: hycolor 2011/01/30 v1.7 Color options of hyperref/bookmark (HO)
)
("C:\Program Files\MiKTeX 2.9\tex\generic\ifxetex\ifxetex.sty"
Package: ifxetex 2010/09/12 v0.6 Provides ifxetex conditional
)
("C:\Program Files\MiKTeX 2.9\tex\latex\oberdiek\kvoptions.sty"
Package: kvoptions 2010/12/23 v3.10 Keyval support for LaTeX options (HO)
)
\@linkdim=\dimen112
\Hy@linkcounter=\count101
\Hy@pagecounter=\count102

("C:\Program Files\MiKTeX 2.9\tex\latex\hyperref\pd1enc.def"
File: pd1enc.def 2011/12/04 v6.82m Hyperref: PDFDocEncoding definition (HO)
)
\Hy@SavedSpaceFactor=\count103

("C:\Program Files\MiKTeX 2.9\tex\latex\00miktex\hyperref.cfg"
File: hyperref.cfg 2002/06/06 v1.2 hyperref configuration of TeXLive
)
Package hyperref Info: Hyper figures OFF on input line 4046.
Package hyperref Info: Link nesting OFF on input line 4051.
Package hyperref Info: Hyper index ON on input line 4054.
Package hyperref Info: Plain pages OFF on input line 4061.
Package hyperref Info: Backreferencing OFF on input line 4066.
Package hyperref Info: Implicit mode ON; LaTeX internals redefined.
Package hyperref Info: Bookmarks ON on input line 4284.
\c@Hy@tempcnt=\count104
LaTeX Info: Redefining \url on input line 4637.
\Fld@menulength=\count105
\Field@Width=\dimen113
\Fld@charsize=\dimen114
Package hyperref Info: Hyper figures OFF on input line 5757.
Package hyperref Info: Link nesting OFF on input line 5762.
Package hyperref Info: Hyper index ON on input line 5765.
Package hyperref Info: backreferencing OFF on input line 5772.
Package hyperref Info: Link coloring OFF on input line 5777.
Package hyperref Info: Link coloring with OCG OFF on input line 5782.
Package hyperref Info: PDF/A mode OFF on input line 5787.
LaTeX Info: Redefining \ref on input line 5827.
LaTeX Info: Redefining \pageref on input line 5831.
\Hy@abspage=\count106
\c@Item=\count107
\c@Hfootnote=\count108
)

Package hyperref Message: Driver (autodetected): hpdftex.

("C:\Program Files\MiKTeX 2.9\tex\latex\hyperref\hpdftex.def"
File: hpdftex.def 2011/12/04 v6.82m Hyperref driver for pdfTeX
\Fld@listcount=\count109
\c@bookmark@seq@number=\count110

("C:\Program Files\MiKTeX 2.9\tex\latex\oberdiek\rerunfilecheck.sty"
Package: rerunfilecheck 2011/04/15 v1.7 Rerun checks for auxiliary files (HO)
Package uniquecounter Info: New unique counter `rerunfilecheck' on input line 2
82.
)
\Hy@SectionHShift=\skip54
)
(C:\Users\Matthieu\AppData\Roaming\MiKTeX\2.9\tex\latex\colortbl\colortbl.sty
Package: colortbl 2001/02/13 v0.1j Color table columns (DPC)
\everycr=\toks17
\minrowclearance=\skip55
)
Package hyperref Info: Option `colorlinks' set `true' on input line 119.
Package hyperref Info: Option `breaklinks' set `true' on input line 119.
Package hyperref Info: Option `bookmarksopen' set `true' on input line 119.
Package hyperref Info: Option `bookmarksnumbered' set `true' on input line 119.

Package hyperref Info: Option `plainpages' set `false' on input line 119.
Package hyperref Info: Option `pdfdisplaydoctitle' set `true' on input line 119
.
Package hyperref Info: Option `hypertexnames' set `false' on input line 119.
\headersize=\skip56
\EPUlogo=\box26


pdfTeX warning: pdflatex (file D:/Programmation/GitHub/bebete/Rapport/logos/Log
o_Polytech_Tours.pdf): PDF inclusion: found PDF version <1.6>, but at most vers
ion <1.5> allowed
<logos/Logo_Polytech_Tours.pdf, id=1, 306.18391pt x 95.1555pt>
File: logos/Logo_Polytech_Tours.pdf Graphic file (type pdf)

<use logos/Logo_Polytech_Tours.pdf>
Package pdftex.def Info: logos/Logo_Polytech_Tours.pdf used on input line 516.
(pdftex.def)             Requested size: 73.97733pt x 22.99023pt.
)
(D:\Programmation\GitHub\bebete\Rapport\include.tex
Package hyperref Info: Option `colorlinks' set `true' on input line 17.
)
(D:\Programmation\GitHub\bebete\Rapport\Rapport_ProjetCo.aux)
LaTeX Font Info:    Checking defaults for OML/cmm/m/it on input line 43.
LaTeX Font Info:    ... okay on input line 43.
LaTeX Font Info:    Checking defaults for T1/cmr/m/n on input line 43.
LaTeX Font Info:    ... okay on input line 43.
LaTeX Font Info:    Checking defaults for OT1/cmr/m/n on input line 43.
LaTeX Font Info:    ... okay on input line 43.
LaTeX Font Info:    Checking defaults for OMS/cmsy/m/n on input line 43.
LaTeX Font Info:    ... okay on input line 43.
LaTeX Font Info:    Checking defaults for OMX/cmex/m/n on input line 43.
LaTeX Font Info:    ... okay on input line 43.
LaTeX Font Info:    Checking defaults for U/cmr/m/n on input line 43.
LaTeX Font Info:    ... okay on input line 43.
LaTeX Font Info:    Checking defaults for PD1/pdf/m/n on input line 43.
LaTeX Font Info:    ... okay on input line 43.
LaTeX Font Info:    Try loading font information for T1+lmr on input line 43.

("C:\Program Files\MiKTeX 2.9\tex\latex\lm\t1lmr.fd"
File: t1lmr.fd 2009/10/30 v1.6 Font defs for Latin Modern
)
(C:\Users\Matthieu\AppData\Roaming\MiKTeX\2.9\tex\context\base\supp-pdf.mkii
[Loading MPS to PDF converter (version 2006.09.02).]
\scratchcounter=\count111
\scratchdimen=\dimen115
\scratchbox=\box27
\nofMPsegments=\count112
\nofMParguments=\count113
\everyMPshowfont=\toks18
\MPscratchCnt=\count114
\MPscratchDim=\dimen116
\MPnumerator=\count115
\makeMPintoPDFobject=\count116
\everyMPtoPDFconversion=\toks19
)
Package lastpage Info: Please have a look at the pageslts package at
(lastpage)             http://www.ctan.org/tex-archive/ 
(lastpage)             macros/latex/contrib/pageslts/ 
(lastpage)             or
(lastpage)             http://www.ctan.org/tex-archive/ 
(lastpage)             install/macros/latex/contrib/pageslts.tds.zip
(lastpage)             ! on input line 43.
\AtBeginShipoutBox=\box28
Package hyperref Info: Link coloring ON on input line 43.
 ("C:\Program Files\MiKTeX 2.9\tex\latex\hyperref\nameref.sty"
Package: nameref 2010/04/30 v2.40 Cross-referencing by name of section

("C:\Program Files\MiKTeX 2.9\tex\generic\oberdiek\gettitlestring.sty"
Package: gettitlestring 2010/12/03 v1.4 Cleanup title references (HO)
)
\c@section@level=\count117
)
LaTeX Info: Redefining \ref on input line 43.
LaTeX Info: Redefining \pageref on input line 43.
LaTeX Info: Redefining \nameref on input line 43.

(D:\Programmation\GitHub\bebete\Rapport\Rapport_ProjetCo.out)
(D:\Programmation\GitHub\bebete\Rapport\Rapport_ProjetCo.out)
\@outlinefile=\write4
LaTeX Font Info:    Try loading font information for T1+lmss on input line 43.

("C:\Program Files\MiKTeX 2.9\tex\latex\lm\t1lmss.fd"
File: t1lmss.fd 2009/10/30 v1.6 Font defs for Latin Modern
)
File: logos/Logo_Polytech_Tours.pdf Graphic file (type pdf)

<use logos/Logo_Polytech_Tours.pdf>
Package pdftex.def Info: logos/Logo_Polytech_Tours.pdf used on input line 43.
(pdftex.def)             Requested size: 227.62204pt x 70.74208pt.
LaTeX Font Info:    Try loading font information for T1+lmtt on input line 43.

("C:\Program Files\MiKTeX 2.9\tex\latex\lm\t1lmtt.fd"
File: t1lmtt.fd 2009/10/30 v1.6 Font defs for Latin Modern
) [1

{C:/Users/Matthieu/AppData/Local/MiKTeX/2.9/pdftex/config/pdftex.map} <D:/Progr
ammation/GitHub/bebete/Rapport/logos/Logo_Polytech_Tours.pdf>] [2]
(D:\Programmation\GitHub\bebete\Rapport\Rapport_ProjetCo.toc
LaTeX Font Info:    Try loading font information for OT1+lmr on input line 4.

("C:\Program Files\MiKTeX 2.9\tex\latex\lm\ot1lmr.fd"
File: ot1lmr.fd 2009/10/30 v1.6 Font defs for Latin Modern
)
LaTeX Font Info:    Try loading font information for OML+lmm on input line 4.

("C:\Program Files\MiKTeX 2.9\tex\latex\lm\omllmm.fd"
File: omllmm.fd 2009/10/30 v1.6 Font defs for Latin Modern
)
LaTeX Font Info:    Try loading font information for OMS+lmsy on input line 4.

("C:\Program Files\MiKTeX 2.9\tex\latex\lm\omslmsy.fd"
File: omslmsy.fd 2009/10/30 v1.6 Font defs for Latin Modern
)
LaTeX Font Info:    Try loading font information for OMX+lmex on input line 4.

("C:\Program Files\MiKTeX 2.9\tex\latex\lm\omxlmex.fd"
File: omxlmex.fd 2009/10/30 v1.6 Font defs for Latin Modern
)
LaTeX Font Info:    External font `lmex10' loaded for size
(Font)              <10.95> on input line 4.
LaTeX Font Info:    External font `lmex10' loaded for size
(Font)              <8> on input line 4.
LaTeX Font Info:    External font `lmex10' loaded for size
(Font)              <6> on input line 4.
 [3

])
\tf@toc=\write5
 [4]
(D:\Programmation\GitHub\bebete\Rapport\Rapport_ProjetCo.lof)
\tf@lof=\write6
 [5

]
Chapter 1.
[6

]
Chapter 2.
LaTeX Font Info:    Try loading font information for OMS+lmss on input line 52.

LaTeX Font Info:    No file OMSlmss.fd. on input line 52.

LaTeX Font Warning: Font shape `OMS/lmss/m/n' undefined
(Font)              using `OMS/cmsy/m/n' instead
(Font)              for symbol `textbullet' on input line 52.

[7

]
Chapter 3.
<images/diag_classes_app_PC.png, id=342, 1786.675pt x 927.465pt>
File: images/diag_classes_app_PC.png Graphic file (type png)

<use images/diag_classes_app_PC.png>
Package pdftex.def Info: images/diag_classes_app_PC.png used on input line 74.
(pdftex.def)             Requested size: 483.69685pt x 251.08403pt.

Underfull \vbox (badness 10000) has occurred while \output is active []

 [8

 <D:/Programmation/GitHub/bebete/Rapport/images/diag_classes_app_PC.png>] [9]
<images/fichier_xml.png, id=355, 583.42969pt x 739.26187pt>
File: images/fichier_xml.png Graphic file (type png)

<use images/fichier_xml.png>
Package pdftex.def Info: images/fichier_xml.png used on input line 111.
(pdftex.def)             Requested size: 483.69685pt x 612.91039pt.
 <images/dtd.png, id=356, 615.29875pt x 606.265pt>
File: images/dtd.png Graphic file (type png)

<use images/dtd.png>
Package pdftex.def Info: images/dtd.png used on input line 120.
(pdftex.def)             Requested size: 483.69685pt x 476.60364pt.

Underfull \vbox (badness 4569) has occurred while \output is active []

 [10 <D:/Programmation/GitHub/bebete/Rapport/images/fichier_xml.png (PNG copy)>
] [11 <D:/Programmation/GitHub/bebete/Rapport/images/dtd.png>] [12]
Chapter 4.
<images/pc_vide.png, id=373, 1371.1225pt x 723.70375pt>
File: images/pc_vide.png Graphic file (type png)

<use images/pc_vide.png>
Package pdftex.def Info: images/pc_vide.png used on input line 161.
(pdftex.def)             Requested size: 483.69685pt x 255.29886pt.
 [13

 <D:/Programmation/GitHub/bebete/Rapport/images/pc_vide.png>] <images/pc_select
_question.png, id=381, 1370.11874pt x 721.69624pt>
File: images/pc_select_question.png Graphic file (type png)

<use images/pc_select_question.png>
Package pdftex.def Info: images/pc_select_question.png used on input line 202.
(pdftex.def)             Requested size: 483.69685pt x 254.77788pt.


LaTeX Warning: `!h' float specifier changed to `!ht'.

<images/pc_new_question.png, id=383, 1371.1225pt x 723.70375pt>
File: images/pc_new_question.png Graphic file (type png)

<use images/pc_new_question.png>
Package pdftex.def Info: images/pc_new_question.png used on input line 210.
(pdftex.def)             Requested size: 483.69685pt x 255.29886pt.


LaTeX Warning: `!h' float specifier changed to `!ht'.

[14] [15 <D:/Programmation/GitHub/bebete/Rapport/images/pc_select_question.png>
 <D:/Programmation/GitHub/bebete/Rapport/images/pc_new_question.png>] [16]
[17] <images/lecteur_image.png, id=402, 644.4075pt x 207.77625pt>
File: images/lecteur_image.png Graphic file (type png)

<use images/lecteur_image.png>
Package pdftex.def Info: images/lecteur_image.png used on input line 289.
(pdftex.def)             Requested size: 483.69685pt x 155.96495pt.
 [18 <D:/Programmation/GitHub/bebete/Rapport/images/lecteur_image.png>]
<images/lecteur_audio.png, id=408, 313.17pt x 164.11313pt>
File: images/lecteur_audio.png Graphic file (type png)

<use images/lecteur_audio.png>
Package pdftex.def Info: images/lecteur_audio.png used on input line 324.
(pdftex.def)             Requested size: 338.58632pt x 177.43735pt.
 [19 <D:/Programmation/GitHub/bebete/Rapport/images/lecteur_audio.png>]
<images/lecteur_video.png, id=414, 313.17pt x 324.46219pt>
File: images/lecteur_video.png Graphic file (type png)

<use images/lecteur_video.png>
Package pdftex.def Info: images/lecteur_video.png used on input line 339.
(pdftex.def)             Requested size: 338.58632pt x 350.80505pt.
 [20 <D:/Programmation/GitHub/bebete/Rapport/images/lecteur_video.png>]
<images/coloration_questions.png, id=419, 240.9pt x 87.32625pt>
File: images/coloration_questions.png Graphic file (type png)

<use images/coloration_questions.png>
Package pdftex.def Info: images/coloration_questions.png used on input line 358
.
(pdftex.def)             Requested size: 338.58632pt x 122.74893pt.
 [21 <D:/Programmation/GitHub/bebete/Rapport/images/coloration_questions.png>]
Chapter 5.
<images/menu_accueil.jpg, id=424, 1284.8pt x 803.0pt>
File: images/menu_accueil.jpg Graphic file (type jpg)

<use images/menu_accueil.jpg>
Package pdftex.def Info: images/menu_accueil.jpg used on input line 379.
(pdftex.def)             Requested size: 483.69685pt x 302.31277pt.


LaTeX Warning: `!h' float specifier changed to `!ht'.

<images/image1.jpg, id=426, 1284.8pt x 803.0pt>
File: images/image1.jpg Graphic file (type jpg)
 <use images/image1.jpg>
Package pdftex.def Info: images/image1.jpg used on input line 386.
(pdftex.def)             Requested size: 483.69685pt x 302.31277pt.


LaTeX Warning: `!h' float specifier changed to `!ht'.

[22

] <images/image2.png, id=432, 328.22626pt x 860.21375pt>
File: images/image2.png Graphic file (type png)

<use images/image2.png>
Package pdftex.def Info: images/image2.png used on input line 405.
(pdftex.def)             Requested size: 184.5617pt x 483.69685pt.


LaTeX Warning: `!h' float specifier changed to `!ht'.

[23 <D:/Programmation/GitHub/bebete/Rapport/images/menu_accueil.jpg>]
<images/image3.png, id=444, 584.1825pt x 387.24675pt>
File: images/image3.png Graphic file (type png)
 <use images/image3.png>
Package pdftex.def Info: images/image3.png used on input line 431.
(pdftex.def)             Requested size: 483.69685pt x 320.64655pt.


LaTeX Warning: `!h' float specifier changed to `!ht'.

[24 <D:/Programmation/GitHub/bebete/Rapport/images/image1.jpg>] [25 <D:/Program
mation/GitHub/bebete/Rapport/images/image2.png>]
<images/image4.png, id=461, 405.31425pt x 170.43675pt>
File: images/image4.png Graphic file (type png)
 <use images/image4.png>
Package pdftex.def Info: images/image4.png used on input line 450.
(pdftex.def)             Requested size: 386.95895pt x 162.71758pt.


LaTeX Warning: `!h' float specifier changed to `!ht'.

<images/image5.png, id=463, 264.99pt x 86.724pt>
File: images/image5.png Graphic file (type png)
 <use images/image5.png>
Package pdftex.def Info: images/image5.png used on input line 461.
(pdftex.def)             Requested size: 290.22105pt x 94.98776pt.


LaTeX Warning: `!h' float specifier changed to `!ht'.

[26 <D:/Programmation/GitHub/bebete/Rapport/images/image3.png>]
<images/image6.png, id=471, 434.8245pt x 31.317pt>
File: images/image6.png Graphic file (type png)
 <use images/image6.png>
Package pdftex.def Info: images/image6.png used on input line 486.
(pdftex.def)             Requested size: 483.69685pt x 34.83728pt.


LaTeX Warning: `!h' float specifier changed to `!ht'.


Underfull \hbox (badness 10000) in paragraph at lines 491--495

 []

[27 <D:/Programmation/GitHub/bebete/Rapport/images/image4.png> <D:/Programmatio
n/GitHub/bebete/Rapport/images/image5.png>]
<images/arbre.png, id=485, 344.28625pt x 255.95625pt>
File: images/arbre.png Graphic file (type png)
 <use images/arbre.png>
Package pdftex.def Info: images/arbre.png used on input line 507.
(pdftex.def)             Requested size: 483.69685pt x 359.6017pt.


LaTeX Warning: `!h' float specifier changed to `!ht'.

<images/image7.jpg, id=487, 1284.8pt x 803.0pt>
File: images/image7.jpg Graphic file (type jpg)
 <use images/image7.jpg>
Package pdftex.def Info: images/image7.jpg used on input line 529.
(pdftex.def)             Requested size: 483.69685pt x 302.31277pt.


LaTeX Warning: `!h' float specifier changed to `!ht'.

<images/image8.jpg, id=489, 1284.8pt x 803.0pt>
File: images/image8.jpg Graphic file (type jpg)
 <use images/image8.jpg>
Package pdftex.def Info: images/image8.jpg used on input line 536.
(pdftex.def)             Requested size: 483.69685pt x 302.31277pt.


LaTeX Warning: `!h' float specifier changed to `!ht'.

<images/image9.jpg, id=491, 1284.8pt x 803.0pt>
File: images/image9.jpg Graphic file (type jpg)
 <use images/image9.jpg>
Package pdftex.def Info: images/image9.jpg used on input line 543.
(pdftex.def)             Requested size: 483.69685pt x 302.31277pt.


LaTeX Warning: `!h' float specifier changed to `!ht'.

<images/image10.jpg, id=493, 1284.8pt x 803.0pt>
File: images/image10.jpg Graphic file (type jpg)
 <use images/image10.jpg>
Package pdftex.def Info: images/image10.jpg used on input line 550.
(pdftex.def)             Requested size: 483.69685pt x 302.31277pt.


LaTeX Warning: `!h' float specifier changed to `!ht'.

[28 <D:/Programmation/GitHub/bebete/Rapport/images/image6.png>]
<images/bdd.png, id=502, 769.87625pt x 381.425pt>
File: images/bdd.png Graphic file (type png)
 <use images/bdd.png>
Package pdftex.def Info: images/bdd.png used on input line 561.
(pdftex.def)             Requested size: 483.69685pt x 239.64716pt.


LaTeX Warning: `!h' float specifier changed to `!ht'.

<images/classe.png, id=505, 1780.6525pt x 1955.305pt>
File: images/classe.png Graphic file (type png)
 <use images/classe.png>
Package pdftex.def Info: images/classe.png used on input line 576.
(pdftex.def)             Requested size: 483.69685pt x 531.13182pt.


LaTeX Warning: `!h' float specifier changed to `!ht'.

[29 <D:/Programmation/GitHub/bebete/Rapport/images/arbre.png>] [30 <D:/Programm
ation/GitHub/bebete/Rapport/images/image7.jpg>] [31 <D:/Programmation/GitHub/be
bete/Rapport/images/image8.jpg> <D:/Programmation/GitHub/bebete/Rapport/images/
image9.jpg>] [32 <D:/Programmation/GitHub/bebete/Rapport/images/image10.jpg> <D
:/Programmation/GitHub/bebete/Rapport/images/bdd.png>] [33 <D:/Programmation/Gi
tHub/bebete/Rapport/images/classe.png>]
Chapter 6.
[34

]
<images/calendrier_previsionnel_taches.png, id=540, 487.8225pt x 685.05937pt>
File: images/calendrier_previsionnel_taches.png Graphic file (type png)

<use images/calendrier_previsionnel_taches.png>
Package pdftex.def Info: images/calendrier_previsionnel_taches.png used on inpu
t line 654.
(pdftex.def)             Requested size: 483.69685pt x 679.2771pt.


LaTeX Warning: Float too large for page by 22.14001pt on input line 657.


LaTeX Warning: `!h' float specifier changed to `!ht'.

[35] <images/calendrier_reel_taches.png, id=546, 493.0922pt x 685.8122pt>
File: images/calendrier_reel_taches.png Graphic file (type png)

<use images/calendrier_reel_taches.png>
Package pdftex.def Info: images/calendrier_reel_taches.png used on input line 6
68.
(pdftex.def)             Requested size: 483.69685pt x 672.78204pt.


LaTeX Warning: Float too large for page by 15.64496pt on input line 671.


LaTeX Warning: `!h' float specifier changed to `!ht'.

[36] [37 <D:/Programmation/GitHub/bebete/Rapport/images/calendrier_previsionnel
_taches.png>] [38 <D:/Programmation/GitHub/bebete/Rapport/images/calendrier_ree
l_taches.png>]
Chapter 7.
[39

] [40]
Chapter 8.
[41

]
Appendix A.
<images/connexion.jpg, id=576, 1284.8pt x 803.0pt>
File: images/connexion.jpg Graphic file (type jpg)
 <use images/connexion.jpg>
Package pdftex.def Info: images/connexion.jpg used on input line 720.
(pdftex.def)             Requested size: 483.69685pt x 302.31277pt.


LaTeX Warning: `!h' float specifier changed to `!ht'.

<images/campagne_vide.jpg, id=578, 1284.8pt x 803.0pt>
File: images/campagne_vide.jpg Graphic file (type jpg)

<use images/campagne_vide.jpg>
Package pdftex.def Info: images/campagne_vide.jpg used on input line 732.
(pdftex.def)             Requested size: 483.69685pt x 302.31277pt.


LaTeX Warning: `!h' float specifier changed to `!ht'.

[42

] [43 <D:/Programmation/GitHub/bebete/Rapport/images/connexion.jpg>]
<images/question_cours.jpg, id=590, 1284.8pt x 803.0pt>
File: images/question_cours.jpg Graphic file (type jpg)

<use images/question_cours.jpg>
Package pdftex.def Info: images/question_cours.jpg used on input line 771.
(pdftex.def)             Requested size: 483.69685pt x 302.31277pt.


LaTeX Warning: `!h' float specifier changed to `!ht'.

<images/sauvegarde.jpg, id=593, 1284.8pt x 803.0pt>
File: images/sauvegarde.jpg Graphic file (type jpg)

<use images/sauvegarde.jpg>
Package pdftex.def Info: images/sauvegarde.jpg used on input line 779.
(pdftex.def)             Requested size: 483.69685pt x 302.31277pt.


LaTeX Warning: `!h' float specifier changed to `!ht'.

[44 <D:/Programmation/GitHub/bebete/Rapport/images/campagne_vide.jpg>]
<images/mosaique.jpg, id=603, 1284.8pt x 803.0pt>
File: images/mosaique.jpg Graphic file (type jpg)
 <use images/mosaique.jpg>
Package pdftex.def Info: images/mosaique.jpg used on input line 792.
(pdftex.def)             Requested size: 483.69685pt x 302.31277pt.


LaTeX Warning: `!h' float specifier changed to `!ht'.

<images/ident_rapid.jpg, id=605, 1284.8pt x 803.0pt>
File: images/ident_rapid.jpg Graphic file (type jpg)

<use images/ident_rapid.jpg>
Package pdftex.def Info: images/ident_rapid.jpg used on input line 799.
(pdftex.def)             Requested size: 483.69685pt x 302.31277pt.


LaTeX Warning: `!h' float specifier changed to `!ht'.

<images/export.jpg, id=607, 1284.8pt x 803.0pt>
File: images/export.jpg Graphic file (type jpg)
 <use images/export.jpg>
Package pdftex.def Info: images/export.jpg used on input line 810.
(pdftex.def)             Requested size: 483.69685pt x 302.31277pt.


LaTeX Warning: `!h' float specifier changed to `!ht'.

[45 <D:/Programmation/GitHub/bebete/Rapport/images/question_cours.jpg>]
[46 <D:/Programmation/GitHub/bebete/Rapport/images/sauvegarde.jpg> <D:/Programm
ation/GitHub/bebete/Rapport/images/mosaique.jpg>] [47 <D:/Programmation/GitHub/
bebete/Rapport/images/ident_rapid.jpg> <D:/Programmation/GitHub/bebete/Rapport/
images/export.jpg>]
Appendix B.

AED: lastpage setting LastPage
[48

] ( FP-DIV ) ( FP-TRUNC ) ( FP-MUL ) ( FP-SUB ) ( FP-TRUNC ) ( FP-ZERO? )
( FP-SUB ) ( FP-TRUNC ) ( FP-SUB ) ( FP-POS? ) ( FP-SUB ) ( FP-POS? ) [49

]
Package atveryend Info: Empty hook `BeforeClearDocument' on input line 818.

Underfull \vbox (badness 10000) has occurred while \output is active []

 [50

]
[51]
Package atveryend Info: Empty hook `AfterLastShipout' on input line 818.
 (D:\Programmation\GitHub\bebete\Rapport\Rapport_ProjetCo.aux)
Package atveryend Info: Executing hook `AtVeryEndDocument' on input line 818.
Package atveryend Info: Executing hook `AtEndAfterFileList' on input line 818.
Package rerunfilecheck Info: File `Rapport_ProjetCo.out' has not changed.
(rerunfilecheck)             Checksum: CCF55A6E8F69E6F96A49942CCAAC6EB7;3102.


LaTeX Font Warning: Some font shapes were not available, defaults substituted.

 )
(\end occurred when \iffalse on line 818 was incomplete) 
Here is how much of TeX's memory you used:
 7133 strings out of 494045
 101893 string characters out of 3148379
 215618 words of memory out of 3000000
 10116 multiletter control sequences out of 15000+200000
 62527 words of font info for 44 fonts, out of 3000000 for 9000
 715 hyphenation exceptions out of 8191
 41i,15n,45p,1614b,389s stack positions out of 5000i,500n,10000p,200000b,50000s
{C:/Program Files/MiKTe
X 2.9/fonts/enc/dvips/lm/lm-ec.enc}{C:/Program Files/MiKTeX 2.9/fonts/enc/dvips
/lm/lm-mathit.enc}<C:/Program Files/MiKTeX 2.9/fonts/type1/public/amsfonts/cm/c
msy10.pfb><C:/Program Files/MiKTeX 2.9/fonts/type1/public/lm/lmbx10.pfb><C:/Pro
gram Files/MiKTeX 2.9/fonts/type1/public/lm/lmbx12.pfb><C:/Program Files/MiKTeX
 2.9/fonts/type1/public/lm/lmmi10.pfb><C:/Program Files/MiKTeX 2.9/fonts/type1/
public/lm/lmr10.pfb><C:/Program Files/MiKTeX 2.9/fonts/type1/public/lm/lmss10.p
fb><C:/Program Files/MiKTeX 2.9/fonts/type1/public/lm/lmss12.pfb><C:/Program Fi
les/MiKTeX 2.9/fonts/type1/public/lm/lmssbx10.pfb><C:/Program Files/MiKTeX 2.9/
fonts/type1/public/lm/lmsso10.pfb><C:/Program Files/MiKTeX 2.9/fonts/type1/publ
ic/lm/lmtt10.pfb>
Output written on Rapport_ProjetCo.pdf (51 pages, 5299751 bytes).
PDF statistics:
 730 PDF objects out of 1000 (max. 8388607)
 148 named destinations out of 1000 (max. 500000)
 653 words of extra memory for PDF output out of 10000 (max. 10000000)

