This is pdfTeX, Version 3.1415926-1.40.10 (TeX Live 2009/Debian) (format=latex 2012.3.8)  8 MAR 2012 11:34
entering extended mode
 %&-line parsing enabled.
**Cahier_specification.tex
(./Cahier_specification.tex
LaTeX2e <2009/09/24>
Babel <v3.8l> and hyphenation patterns for english, usenglishmax, dumylang, noh
yphenation, loaded.
(./EPURapport.cls
Document Class: EPURapport 2009/10/21 - EPURapport document class
(/usr/share/texmf/tex/latex/lm/lmodern.sty
Package: lmodern 2009/10/30 v1.6 Latin Modern Fonts
LaTeX Font Info:    Overwriting symbol font `operators' in version `normal'
(Font)                  OT1/cmr/m/n --> OT1/lmr/m/n on input line 22.
LaTeX Font Info:    Overwriting symbol font `letters' in version `normal'
(Font)                  OML/cmm/m/it --> OML/lmm/m/it on input line 23.
LaTeX Font Info:    Overwriting symbol font `symbols' in version `normal'
(Font)                  OMS/cmsy/m/n --> OMS/lmsy/m/n on input line 24.
LaTeX Font Info:    Overwriting symbol font `largesymbols' in version `normal'
(Font)                  OMX/cmex/m/n --> OMX/lmex/m/n on input line 25.
LaTeX Font Info:    Overwriting symbol font `operators' in version `bold'
(Font)                  OT1/cmr/bx/n --> OT1/lmr/bx/n on input line 26.
LaTeX Font Info:    Overwriting symbol font `letters' in version `bold'
(Font)                  OML/cmm/b/it --> OML/lmm/b/it on input line 27.
LaTeX Font Info:    Overwriting symbol font `symbols' in version `bold'
(Font)                  OMS/cmsy/b/n --> OMS/lmsy/b/n on input line 28.
LaTeX Font Info:    Overwriting symbol font `largesymbols' in version `bold'
(Font)                  OMX/cmex/m/n --> OMX/lmex/m/n on input line 29.
LaTeX Font Info:    Overwriting math alphabet `\mathbf' in version `normal'
(Font)                  OT1/cmr/bx/n --> OT1/lmr/bx/n on input line 31.
LaTeX Font Info:    Overwriting math alphabet `\mathsf' in version `normal'
(Font)                  OT1/cmss/m/n --> OT1/lmss/m/n on input line 32.
LaTeX Font Info:    Overwriting math alphabet `\mathit' in version `normal'
(Font)                  OT1/cmr/m/it --> OT1/lmr/m/it on input line 33.
LaTeX Font Info:    Overwriting math alphabet `\mathtt' in version `normal'
(Font)                  OT1/cmtt/m/n --> OT1/lmtt/m/n on input line 34.
LaTeX Font Info:    Overwriting math alphabet `\mathbf' in version `bold'
(Font)                  OT1/cmr/bx/n --> OT1/lmr/bx/n on input line 35.
LaTeX Font Info:    Overwriting math alphabet `\mathsf' in version `bold'
(Font)                  OT1/cmss/bx/n --> OT1/lmss/bx/n on input line 36.
LaTeX Font Info:    Overwriting math alphabet `\mathit' in version `bold'
(Font)                  OT1/cmr/bx/it --> OT1/lmr/bx/it on input line 37.
LaTeX Font Info:    Overwriting math alphabet `\mathtt' in version `bold'
(Font)                  OT1/cmtt/m/n --> OT1/lmtt/m/n on input line 38.
)
(/usr/share/texmf-texlive/tex/latex/base/fontenc.sty
Package: fontenc 2005/09/27 v1.99g Standard LaTeX package

(/usr/share/texmf-texlive/tex/latex/base/t1enc.def
File: t1enc.def 2005/09/27 v1.99g Standard LaTeX file
LaTeX Font Info:    Redeclaring font encoding T1 on input line 43.
))
(/usr/share/texmf-texlive/tex/latex/base/ifthen.sty
Package: ifthen 2001/05/26 v1.1c Standard LaTeX ifthen package (DPC)
)
(/usr/share/texmf-texlive/tex/latex/fancyhdr/fancyhdr.sty
\fancy@headwidth=\skip41
\f@ncyO@elh=\skip42
\f@ncyO@erh=\skip43
\f@ncyO@olh=\skip44
\f@ncyO@orh=\skip45
\f@ncyO@elf=\skip46
\f@ncyO@erf=\skip47
\f@ncyO@olf=\skip48
\f@ncyO@orf=\skip49
)
(/usr/share/texmf-texlive/tex/latex/tools/tabularx.sty
Package: tabularx 1999/01/07 v2.07 `tabularx' package (DPC)

(/usr/share/texmf-texlive/tex/latex/tools/array.sty
Package: array 2008/09/09 v2.4c Tabular extension package (FMi)
\col@sep=\dimen102
\extrarowheight=\dimen103
\NC@list=\toks14
\extratabsurround=\skip50
\backup@length=\skip51
)
\TX@col@width=\dimen104
\TX@old@table=\dimen105
\TX@old@col=\dimen106
\TX@target=\dimen107
\TX@delta=\dimen108
\TX@cols=\count79
\TX@ftn=\toks15
)
(/usr/share/texmf-texlive/tex/latex/base/report.cls
Document Class: report 2007/10/19 v1.4h Standard LaTeX document class
(/usr/share/texmf-texlive/tex/latex/base/size11.clo
File: size11.clo 2007/10/19 v1.4h Standard LaTeX file (size option)
)
\c@part=\count80
\c@chapter=\count81
\c@section=\count82
\c@subsection=\count83
\c@subsubsection=\count84
\c@paragraph=\count85
\c@subparagraph=\count86
\c@figure=\count87
\c@table=\count88
\abovecaptionskip=\skip52
\belowcaptionskip=\skip53
\bibindent=\dimen109
)
(/usr/share/texmf-texlive/tex/generic/babel/babel.sty
Package: babel 2008/07/06 v3.8l The Babel package

(/usr/share/texmf-texlive/tex/generic/babel/frenchb.ldf
Language: frenchb 2009/03/16 v2.3d French support from the babel system

(/usr/share/texmf-texlive/tex/generic/babel/babel.def
File: babel.def 2008/07/06 v3.8l Babel common definitions
\babel@savecnt=\count89
\U@D=\dimen110
)

Package babel Warning: No hyphenation patterns were loaded for
(babel)                the language `French'
(babel)                I will use the patterns loaded for \language=0 instead.

\l@french = a dialect from \language0
Package babel Info: Making : an active character on input line 120.
Package babel Info: Making ; an active character on input line 121.
Package babel Info: Making ! an active character on input line 122.
Package babel Info: Making ? an active character on input line 123.
\FB@Mht=\dimen111
\std@mcc=\count90
\dec@mcc=\count91
\parindentFFN=\dimen112
*************************************
* Local config file frenchb.cfg used
*
(/usr/share/texmf-texlive/tex/generic/babel/frenchb.cfg)))
(/usr/share/texmf-texlive/tex/latex/carlisle/scalefnt.sty)
(/usr/share/texmf-texlive/tex/latex/graphics/keyval.sty
Package: keyval 1999/03/16 v1.13 key=value parser (DPC)
\KV@toks@=\toks16
)
(/usr/share/texmf-texlive/tex/latex/ltxmisc/url.sty
\Urlmuskip=\muskip10
Package: url 2006/04/12  ver 3.3  Verb mode for urls, etc.
)
(/usr/share/texmf/tex/latex/xcolor/xcolor.sty
Package: xcolor 2007/01/21 v2.11 LaTeX color extensions (UK)

(/etc/texmf/tex/latex/config/color.cfg
File: color.cfg 2007/01/18 v1.5 color configuration of teTeX/TeXLive
)
Package xcolor Info: Driver file: dvips.def on input line 225.

(/usr/share/texmf-texlive/tex/latex/graphics/dvips.def
File: dvips.def 1999/02/16 v3.0i Driver-dependant file (DPC,SPQR)
)
Package xcolor Info: Model `cmy' substituted by `cmy0' on input line 1337.
Package xcolor Info: Model `RGB' extended on input line 1353.
Package xcolor Info: Model `HTML' substituted by `rgb' on input line 1355.
Package xcolor Info: Model `Hsb' substituted by `hsb' on input line 1356.
Package xcolor Info: Model `tHsb' substituted by `hsb' on input line 1357.
Package xcolor Info: Model `HSB' substituted by `hsb' on input line 1358.
Package xcolor Info: Model `Gray' substituted by `gray' on input line 1359.
Package xcolor Info: Model `wave' substituted by `hsb' on input line 1360.
)
(/usr/share/texmf-texlive/tex/latex/comment/comment.sty
\CommentStream=\write3

Excluding comment 'comment')
(/usr/share/texmf-texlive/tex/latex/lastpage/lastpage.sty
Package: lastpage 1994/06/25 v0.1b LaTeX2e package for refs to last page number
 (JPG)
)
(/usr/share/texmf-texlive/tex/latex/fp/fp.sty
Package: fp 1995/04/02

`Fixed Point Package', Version 0.8, April 2, 1995 (C) Michael Mehlich
(/usr/share/texmf-texlive/tex/latex/fp/defpattern.sty
Package: defpattern 1994/10/12
\actioncount=\count92
)
(/usr/share/texmf-texlive/tex/latex/fp/fp-basic.sty
Package: fp-basic 1996/05/13
\FP@xs=\count93
\FP@xia=\count94
\FP@xib=\count95
\FP@xfa=\count96
\FP@xfb=\count97
\FP@rega=\count98
\FP@regb=\count99
\FP@regs=\count100
\FP@times=\count101
)
(/usr/share/texmf-texlive/tex/latex/fp/fp-addons.sty
Package: fp-addons 1995/03/15
)
(/usr/share/texmf-texlive/tex/latex/fp/fp-snap.sty
Package: fp-snap 1995/04/05
)
(/usr/share/texmf-texlive/tex/latex/fp/fp-exp.sty
Package: fp-exp 1995/04/03
)
(/usr/share/texmf-texlive/tex/latex/fp/fp-trigo.sty
Package: fp-trigo 1995/04/14
)
(/usr/share/texmf-texlive/tex/latex/fp/fp-pas.sty
Package: fp-pas 1994/08/29
)
(/usr/share/texmf-texlive/tex/latex/fp/fp-random.sty
Package: fp-random 1995/02/23
\FPseed=\count102
)
(/usr/share/texmf-texlive/tex/latex/fp/fp-eqn.sty
Package: fp-eqn 1995/04/03
)
(/usr/share/texmf-texlive/tex/latex/fp/fp-upn.sty
Package: fp-upn 1996/10/21
)
(/usr/share/texmf-texlive/tex/latex/fp/fp-eval.sty
Package: fp-eval 1995/04/03
))
(/usr/share/texmf-texlive/tex/latex/graphics/graphicx.sty
Package: graphicx 1999/02/16 v1.0f Enhanced LaTeX Graphics (DPC,SPQR)

(/usr/share/texmf-texlive/tex/latex/graphics/graphics.sty
Package: graphics 2009/02/05 v1.0o Standard LaTeX Graphics (DPC,SPQR)

(/usr/share/texmf-texlive/tex/latex/graphics/trig.sty
Package: trig 1999/03/16 v1.09 sin cos tan (DPC)
)
(/etc/texmf/tex/latex/config/graphics.cfg
File: graphics.cfg 2009/08/28 v1.8 graphics configuration of TeX Live
)
Package graphics Info: Driver file: dvips.def on input line 91.
)
\Gin@req@height=\dimen113
\Gin@req@width=\dimen114
)
(/usr/share/texmf-texlive/tex/latex/hyperref/hyperref.sty
Package: hyperref 2009/10/09 v6.79a Hypertext links for LaTeX

(/usr/share/texmf-texlive/tex/generic/oberdiek/ifpdf.sty
Package: ifpdf 2009/04/10 v2.0 Provides the ifpdf switch (HO)
Package ifpdf Info: pdfTeX in pdf mode not detected.
)
(/usr/share/texmf-texlive/tex/generic/oberdiek/ifvtex.sty
Package: ifvtex 2008/11/04 v1.4 Switches for detecting VTeX and its modes (HO)
Package ifvtex Info: VTeX not detected.
)
(/usr/share/texmf-texlive/tex/generic/ifxetex/ifxetex.sty
Package: ifxetex 2009/01/23 v0.5 Provides ifxetex conditional
)
(/usr/share/texmf-texlive/tex/latex/oberdiek/hycolor.sty
Package: hycolor 2009/10/02 v1.5 Code for color options of hyperref/bookmark (H
O)

(/usr/share/texmf-texlive/tex/latex/oberdiek/xcolor-patch.sty
Package: xcolor-patch 2009/10/02 xcolor patch
))
\@linkdim=\dimen115
\Hy@linkcounter=\count103
\Hy@pagecounter=\count104

(/usr/share/texmf-texlive/tex/latex/hyperref/pd1enc.def
File: pd1enc.def 2009/10/09 v6.79a Hyperref: PDFDocEncoding definition (HO)
)
(/usr/share/texmf-texlive/tex/generic/oberdiek/etexcmds.sty
Package: etexcmds 2007/12/12 v1.2 Prefix for e-TeX command names (HO)

(/usr/share/texmf-texlive/tex/generic/oberdiek/infwarerr.sty
Package: infwarerr 2007/09/09 v1.2 Providing info/warning/message (HO)
)
Package etexcmds Info: Could not find \expanded.
(etexcmds)             That can mean that you are not using pdfTeX 1.50 or
(etexcmds)             that some package has redefined \expanded.
(etexcmds)             In the latter case, load this package earlier.
)
(/usr/share/texmf-texlive/tex/latex/latexconfig/hyperref.cfg
File: hyperref.cfg 2002/06/06 v1.2 hyperref configuration of TeXLive
)
(/usr/share/texmf-texlive/tex/latex/oberdiek/kvoptions.sty
Package: kvoptions 2009/08/13 v3.4 Keyval support for LaTeX options (HO)

(/usr/share/texmf-texlive/tex/generic/oberdiek/kvsetkeys.sty
Package: kvsetkeys 2009/07/30 v1.5 Key value parser with default handler suppor
t (HO)
))
Package hyperref Info: Hyper figures OFF on input line 2975.
Package hyperref Info: Link nesting OFF on input line 2980.
Package hyperref Info: Hyper index ON on input line 2983.
Package hyperref Info: Plain pages OFF on input line 2990.
Package hyperref Info: Backreferencing OFF on input line 2995.

Implicit mode ON; LaTeX internals redefined
Package hyperref Info: Bookmarks ON on input line 3191.
LaTeX Info: Redefining \url on input line 3428.
(/usr/share/texmf-texlive/tex/generic/oberdiek/bitset.sty
Package: bitset 2007/09/28 v1.0 Data type bit set (HO)

(/usr/share/texmf-texlive/tex/generic/oberdiek/intcalc.sty
Package: intcalc 2007/09/27 v1.1 Expandable integer calculations (HO)
)
(/usr/share/texmf-texlive/tex/generic/oberdiek/bigintcalc.sty
Package: bigintcalc 2007/11/11 v1.1 Expandable big integer calculations (HO)

(/usr/share/texmf-texlive/tex/generic/oberdiek/pdftexcmds.sty
Package: pdftexcmds 2009/09/23 v0.6 LuaTeX support for pdfTeX utility functions
 (HO)

(/usr/share/texmf-texlive/tex/generic/oberdiek/ifluatex.sty
Package: ifluatex 2009/04/17 v1.2 Provides the ifluatex switch (HO)
Package ifluatex Info: LuaTeX not detected.
)
(/usr/share/texmf-texlive/tex/generic/oberdiek/ltxcmds.sty
Package: ltxcmds 2009/08/05 v1.0 Some LaTeX kernel commands for general use (HO
)
)
Package pdftexcmds Info: LuaTeX not detected.
Package pdftexcmds Info: \pdf@primitive is available.
Package pdftexcmds Info: \pdf@ifprimitive is available.
)))
\Fld@menulength=\count105
\Field@Width=\dimen116
\Fld@charsize=\dimen117
\Field@toks=\toks17
Package hyperref Info: Hyper figures OFF on input line 4377.
Package hyperref Info: Link nesting OFF on input line 4382.
Package hyperref Info: Hyper index ON on input line 4385.
Package hyperref Info: backreferencing OFF on input line 4392.
Package hyperref Info: Link coloring OFF on input line 4397.
Package hyperref Info: Link coloring with OCG OFF on input line 4402.
Package hyperref Info: PDF/A mode OFF on input line 4407.

(/usr/share/texmf-texlive/tex/generic/oberdiek/atbegshi.sty
Package: atbegshi 2008/07/31 v1.9 At begin shipout hook (HO)
)
\Hy@abspage=\count106
\c@Item=\count107
)
*hyperref using default driver hdvips*
(/usr/share/texmf-texlive/tex/latex/hyperref/hdvips.def
File: hdvips.def 2009/10/09 v6.79a Hyperref driver for dvips

(/usr/share/texmf-texlive/tex/latex/hyperref/pdfmark.def
File: pdfmark.def 2009/10/09 v6.79a Hyperref definitions for pdfmark specials
\pdf@docset=\toks18
\pdf@box=\box26
\pdf@toks=\toks19
\pdf@defaulttoks=\toks20
\Fld@listcount=\count108
))
Package hyperref Info: Option `colorlinks' set `true' on input line 118.
Package hyperref Info: Option `breaklinks' set `true' on input line 118.
Package hyperref Info: Option `bookmarksopen' set `true' on input line 118.
Package hyperref Info: Option `bookmarksnumbered' set `true' on input line 118.

Package hyperref Info: Option `plainpages' set `false' on input line 118.
Package hyperref Info: Option `pdfdisplaydoctitle' set `true' on input line 118
.
Package hyperref Info: Option `hypertexnames' set `false' on input line 118.
\headersize=\skip54
\EPUlogo=\box27
File: logos/Logo_Polytech_Tours.eps Graphic file (type eps)

<logos/Logo_Polytech_Tours.eps>) (./include.tex)
(/usr/share/texmf-texlive/tex/latex/listings/listings.sty
\lst@mode=\count109
\lst@gtempboxa=\box28
\lst@token=\toks21
\lst@length=\count110
\lst@currlwidth=\dimen118
\lst@column=\count111
\lst@pos=\count112
\lst@lostspace=\dimen119
\lst@width=\dimen120
\lst@newlines=\count113
\lst@lineno=\count114
\lst@maxwidth=\dimen121

(/usr/share/texmf-texlive/tex/latex/listings/lstmisc.sty
File: lstmisc.sty 2007/02/22 1.4 (Carsten Heinz)
\c@lstnumber=\count115
\lst@skipnumbers=\count116
\lst@framebox=\box29
)
(/usr/share/texmf-texlive/tex/latex/listings/listings.cfg
File: listings.cfg 2007/02/22 1.4 listings configuration
))
Package: listings 2007/02/22 1.4 (Carsten Heinz)

(./Cahier_specification.aux

LaTeX Warning: Label `ecran creation piege' multiply defined.


LaTeX Warning: Label `ecran creation piege' multiply defined.

)
\openout1 = `Cahier_specification.aux'.

LaTeX Font Info:    Checking defaults for OML/cmm/m/it on input line 59.
LaTeX Font Info:    ... okay on input line 59.
LaTeX Font Info:    Checking defaults for T1/cmr/m/n on input line 59.
LaTeX Font Info:    ... okay on input line 59.
LaTeX Font Info:    Checking defaults for OT1/cmr/m/n on input line 59.
LaTeX Font Info:    ... okay on input line 59.
LaTeX Font Info:    Checking defaults for OMS/cmsy/m/n on input line 59.
LaTeX Font Info:    ... okay on input line 59.
LaTeX Font Info:    Checking defaults for OMX/cmex/m/n on input line 59.
LaTeX Font Info:    ... okay on input line 59.
LaTeX Font Info:    Checking defaults for U/cmr/m/n on input line 59.
LaTeX Font Info:    ... okay on input line 59.
LaTeX Font Info:    Checking defaults for PD1/pdf/m/n on input line 59.
LaTeX Font Info:    ... okay on input line 59.
LaTeX Font Info:    Try loading font information for T1+lmr on input line 59.
 (/usr/share/texmf/tex/latex/lm/t1lmr.fd
File: t1lmr.fd 2009/10/30 v1.6 Font defs for Latin Modern
)
LaTeX Info: Redefining \degres on input line 59.
LaTeX Info: Redefining \dots on input line 59.
LaTeX Info: Redefining \up on input line 59.
Package hyperref Info: Link coloring ON on input line 59.

(/usr/share/texmf-texlive/tex/latex/hyperref/nameref.sty
Package: nameref 2007/05/29 v2.31 Cross-referencing by name of section

(/usr/share/texmf-texlive/tex/latex/oberdiek/refcount.sty
Package: refcount 2008/08/11 v3.1 Data extraction from references (HO)
)
\c@section@level=\count117
)
LaTeX Info: Redefining \ref on input line 59.
LaTeX Info: Redefining \pageref on input line 59.

(./Cahier_specification.out) (./Cahier_specification.out)
\@outlinefile=\write4
\openout4 = `Cahier_specification.out'.

\AtBeginShipoutBox=\box30


Package hyperref Warning: Rerun to get /PageLabels entry.

LaTeX Font Info:    Try loading font information for T1+lmss on input line 59.
(/usr/share/texmf/tex/latex/lm/t1lmss.fd
File: t1lmss.fd 2009/10/30 v1.6 Font defs for Latin Modern
)
File: logos/Logo_Polytech_Tours.eps Graphic file (type eps)
 <logos/Logo_Polytech_Tours.eps>
LaTeX Font Info:    Try loading font information for T1+lmtt on input line 59.

(/usr/share/texmf/tex/latex/lm/t1lmtt.fd
File: t1lmtt.fd 2009/10/30 v1.6 Font defs for Latin Modern
)
(/usr/share/texmf/tex/latex/lm/ot1lmr.fd)
(/usr/share/texmf/tex/latex/lm/omllmm.fd)
(/usr/share/texmf/tex/latex/lm/omslmsy.fd)
(/usr/share/texmf/tex/latex/lm/omxlmex.fd) [1

] [2] (./Cahier_specification.toc)
\tf@toc=\write5
\openout5 = `Cahier_specification.toc'.

[3

]
\c@lstlisting=\count118
 [4

]

Package hyperref Warning: Difference (2) between bookmark levels is greater 
(hyperref)                than one, level fixed on input line 67.

[5]
Underfull \hbox (badness 10000) in paragraph at lines 97--101

 []

[6]
Underfull \hbox (badness 10000) in paragraph at lines 150--151

 []


! LaTeX Error: Cannot determine size of graphic in images/diag_CU_app_PC.png (n
o BoundingBox).

See the LaTeX manual or LaTeX Companion for explanation.
Type  H <return>  for immediate help.
 ...                                              
                                                  
l.154 ...h=1\textwidth]{images/diag_CU_app_PC.png}
                                                  
Try typing  <return>  to proceed.
If that doesn't work, type  X <return>  to quit.

File: images/diag_CU_app_PC.png Graphic file (type eps)
<images/diag_CU_app_PC.png>

LaTeX Warning: `!h' float specifier changed to `!ht'.


! LaTeX Error: Cannot determine size of graphic in images/diag_CU_app_mobile.pn
g (no BoundingBox).

See the LaTeX manual or LaTeX Companion for explanation.
Type  H <return>  for immediate help.
 ...                                              
                                                  
l.161 ...textwidth]{images/diag_CU_app_mobile.png}
                                                  
Try typing  <return>  to proceed.
If that doesn't work, type  X <return>  to quit.

File: images/diag_CU_app_mobile.png Graphic file (type eps)
<images/diag_CU_app_mobile.png>

LaTeX Warning: `!h' float specifier changed to `!ht'.


Underfull \hbox (badness 10000) in paragraph at lines 181--183

 []

[7] [8]
Underfull \vbox (badness 3128) has occurred while \output is active []

 [9]

! LaTeX Error: Cannot determine size of graphic in images/model.png (no Boundin
gBox).

See the LaTeX manual or LaTeX Companion for explanation.
Type  H <return>  for immediate help.
 ...                                              
                                                  
l.211 ...cs[width=0.8\textwidth]{images/model.png}
                                                  
Try typing  <return>  to proceed.
If that doesn't work, type  X <return>  to quit.

File: images/model.png Graphic file (type eps)
<images/model.png>

! LaTeX Error: Cannot determine size of graphic in images/menu.png (no Bounding
Box).

See the LaTeX manual or LaTeX Companion for explanation.
Type  H <return>  for immediate help.
 ...                                              
                                                  
l.224 ...ics[width=0.8\textwidth]{images/menu.png}
                                                  
Try typing  <return>  to proceed.
If that doesn't work, type  X <return>  to quit.

File: images/menu.png Graphic file (type eps)
<images/menu.png>

LaTeX Warning: `!h' float specifier changed to `!ht'.


! LaTeX Error: Cannot determine size of graphic in images/ariane.png (no Boundi
ngBox).

See the LaTeX manual or LaTeX Companion for explanation.
Type  H <return>  for immediate help.
 ...                                              
                                                  
l.231 ...s[width=0.8\textwidth]{images/ariane.png}
                                                  
Try typing  <return>  to proceed.
If that doesn't work, type  X <return>  to quit.

File: images/ariane.png Graphic file (type eps)
<images/ariane.png>

LaTeX Warning: `!h' float specifier changed to `!ht'.


! LaTeX Error: Cannot determine size of graphic in images/campagnes.png (no Bou
ndingBox).

See the LaTeX manual or LaTeX Companion for explanation.
Type  H <return>  for immediate help.
 ...                                              
                                                  
l.238 ...idth=0.8\textwidth]{images/campagnes.png}
                                                  
Try typing  <return>  to proceed.
If that doesn't work, type  X <return>  to quit.

File: images/campagnes.png Graphic file (type eps)
<images/campagnes.png>

LaTeX Warning: `!h' float specifier changed to `!ht'.


! LaTeX Error: Cannot determine size of graphic in images/creer_campagne.png (n
o BoundingBox).

See the LaTeX manual or LaTeX Companion for explanation.
Type  H <return>  for immediate help.
 ...                                              
                                                  
l.246 ...0.8\textwidth]{images/creer_campagne.png}
                                                  
Try typing  <return>  to proceed.
If that doesn't work, type  X <return>  to quit.

File: images/creer_campagne.png Graphic file (type eps)
<images/creer_campagne.png> [10]

LaTeX Warning: `!h' float specifier changed to `!ht'.


! LaTeX Error: Cannot determine size of graphic in images/creer_piege.png (no B
oundingBox).

See the LaTeX manual or LaTeX Companion for explanation.
Type  H <return>  for immediate help.
 ...                                              
                                                  
l.253 ...th=0.8\textwidth]{images/creer_piege.png}
                                                  
Try typing  <return>  to proceed.
If that doesn't work, type  X <return>  to quit.

File: images/creer_piege.png Graphic file (type eps)
<images/creer_piege.png>

LaTeX Warning: `!h' float specifier changed to `!ht'.


! LaTeX Error: Cannot determine size of graphic in images/select_campagne.png (
no BoundingBox).

See the LaTeX manual or LaTeX Companion for explanation.
Type  H <return>  for immediate help.
 ...                                              
                                                  
l.260 ....8\textwidth]{images/select_campagne.png}
                                                  
Try typing  <return>  to proceed.
If that doesn't work, type  X <return>  to quit.

File: images/select_campagne.png Graphic file (type eps)
<images/select_campagne.png>

LaTeX Warning: `!h' float specifier changed to `!ht'.


! LaTeX Error: Cannot determine size of graphic in images/creer_piege.png (no B
oundingBox).

See the LaTeX manual or LaTeX Companion for explanation.
Type  H <return>  for immediate help.
 ...                                              
                                                  
l.268 ...th=0.8\textwidth]{images/creer_piege.png}
                                                  
Try typing  <return>  to proceed.
If that doesn't work, type  X <return>  to quit.

File: images/creer_piege.png Graphic file (type eps)
<images/creer_piege.png>

LaTeX Warning: `!h' float specifier changed to `!ht'.


! LaTeX Error: Cannot determine size of graphic in images/question.png (no Boun
dingBox).

See the LaTeX manual or LaTeX Companion for explanation.
Type  H <return>  for immediate help.
 ...                                              
                                                  
l.275 ...width=0.8\textwidth]{images/question.png}
                                                  
Try typing  <return>  to proceed.
If that doesn't work, type  X <return>  to quit.

File: images/question.png Graphic file (type eps)
<images/question.png>

LaTeX Warning: `!h' float specifier changed to `!ht'.


! LaTeX Error: Cannot determine size of graphic in images/camera.png (no Boundi
ngBox).

See the LaTeX manual or LaTeX Companion for explanation.
Type  H <return>  for immediate help.
 ...                                              
                                                  
l.283 ...s[width=0.8\textwidth]{images/camera.png}
                                                  
Try typing  <return>  to proceed.
If that doesn't work, type  X <return>  to quit.

File: images/camera.png Graphic file (type eps)
<images/camera.png>

LaTeX Warning: `!h' float specifier changed to `!ht'.

[11]
Overfull \hbox (41.9074pt too wide) in paragraph at lines 300--301
[][][][][][][][][][][][][][][][][][][][][][][][][][][][][][] 
 []


Overfull \hbox (28.76729pt too wide) in paragraph at lines 311--312
[][][][][][][][][][][][][][][][][][][][][][][][][][][][] 
 []


Overfull \hbox (94.46782pt too wide) in paragraph at lines 313--314
[][][][][][][][][][][][][][][][][][][][][][][][][][][][][][][] 
 []


Underfull \vbox (badness 5908) has occurred while \output is active []

 [12]
Overfull \hbox (9.05713pt too wide) in paragraph at lines 314--315
[][][][][][][][][][][][][][][][][][][][][][][][][][] 
 []


Overfull \hbox (114.17798pt too wide) in paragraph at lines 316--317
[][][][][][][][][][][][][][][][][][][][][][][][][] 
 []


Overfull \hbox (94.46782pt too wide) in paragraph at lines 318--319
[][][][][][][][][][][][][] 
 []


Overfull \hbox (376.9801pt too wide) in paragraph at lines 319--320
[][][][][][][][][][][][][][][][][][][][][][][][][][][] 
 []


Overfull \hbox (48.47745pt too wide) in paragraph at lines 321--322
[][][][][][][][][][][][][][][][][][][][][][] 
 []


Overfull \hbox (2.48708pt too wide) in paragraph at lines 325--326
[][][][][][][][][][][][][][][][][][][][][][][][] 
 []


Underfull \vbox (badness 5908) has occurred while \output is active []

 [13]
LaTeX Font Info:    Try loading font information for OMS+lmss on input line 346
.
LaTeX Font Info:    No file OMSlmss.fd. on input line 346.


LaTeX Font Warning: Font shape `OMS/lmss/m/n' undefined
(Font)              using `OMS/cmsy/m/n' instead
(Font)              for symbol `textasteriskcentered' on input line 346.

[14]
Underfull \vbox (badness 2302) has occurred while \output is active []

 [15]
[16] [17]
Underfull \hbox (badness 10000) in paragraph at lines 403--406

 []

[18]
Underfull \vbox (badness 1540) has occurred while \output is active []

 [19]
[20] [21] [22

]

Package hyperref Warning: Difference (2) between bookmark levels is greater 
(hyperref)                than one, level fixed on input line 459.


Package hyperref Warning: Difference (2) between bookmark levels is greater 
(hyperref)                than one, level fixed on input line 461.


Underfull \hbox (badness 10000) in paragraph at lines 476--477

 []

[23] AED: lastpage setting LastPage [24] (./Cahier_specification.aux)

LaTeX Font Warning: Some font shapes were not available, defaults substituted.


LaTeX Warning: There were multiply-defined labels.

 ) 
Here is how much of TeX's memory you used:
 7579 strings out of 495062
 105368 string characters out of 1182645
 217100 words of memory out of 3000000
 10572 multiletter control sequences out of 15000+50000
 65739 words of font info for 45 fonts, out of 3000000 for 9000
 28 hyphenation exceptions out of 8191
 45i,15n,45p,2928b,1667s stack positions out of 5000i,500n,10000p,200000b,50000s

Output written on Cahier_specification.dvi (24 pages, 109452 bytes).
