\BOOKMARK [-1][]{part*.2}{Cahier de spécification système}{}
\BOOKMARK [0][]{section.3}{1.1 Introduction}{part*.2}
\BOOKMARK [1][]{section.4}{1.2 Contexte de la réalisation}{section.3}
\BOOKMARK [2][]{subsection.5}{1.2.1 Contexte}{section.4}
\BOOKMARK [2][]{subsection.6}{1.2.2 Objectifs}{section.4}
\BOOKMARK [2][]{subsection.7}{1.2.3 Hypothèses}{section.4}
\BOOKMARK [2][]{subsection.8}{1.2.4 Bases méthodologiques}{section.4}
\BOOKMARK [1][]{section.9}{1.3 Description générale}{section.3}
\BOOKMARK [2][]{subsection.10}{1.3.1 Environnement du projet}{section.9}
\BOOKMARK [2][]{subsection.11}{1.3.2 Caractéristiques des utilisateurs}{section.9}
\BOOKMARK [2][]{subsection.14}{1.3.3 Fonctionnalités et structure générale du système}{section.9}
\BOOKMARK [2][]{subsection.17}{1.3.4 Contraintes de développement, d'exploitation et de maintenance}{section.9}
\BOOKMARK [1][]{section.19}{1.4 Description des interfaces externes du logiciel}{section.3}
\BOOKMARK [2][]{subsection.20}{1.4.1 Interfaces matériel/logiciel}{section.19}
\BOOKMARK [2][]{subsection.21}{1.4.2 Interfaces homme/machine}{section.19}
\BOOKMARK [2][]{subsection.32}{1.4.3 Interfaces logiciel/logiciel}{section.19}
\BOOKMARK [1][]{section.104}{1.5 Architecture générale du système}{section.3}
\BOOKMARK [1][]{section.105}{1.6 Description des fonctionnalités}{section.3}
\BOOKMARK [2][]{subsection.106}{1.6.1 Application PC}{section.105}
\BOOKMARK [2][]{subsection.114}{1.6.2 Application mobile}{section.105}
\BOOKMARK [1][]{section.122}{1.7 Conditions de fonctionnement}{section.3}
\BOOKMARK [2][]{subsection.123}{1.7.1 Capacités}{section.122}
\BOOKMARK [2][]{subsection.124}{1.7.2 Contrôlabilité}{section.122}
\BOOKMARK [2][]{subsection.125}{1.7.3 Sécurité}{section.122}
\BOOKMARK [-1][]{part*.126}{Plan de développement}{}
\BOOKMARK [0][]{section.127}{2.1 Découpage du projet en tâches}{part*.126}
\BOOKMARK [1][]{subsection.128}{2.1.1 Rédaction de la modélisation UML}{section.127}
\BOOKMARK [2][]{subsection.129}{2.1.2 Création du fichier XML et de sa DTD}{subsection.128}
\BOOKMARK [2][]{subsection.130}{2.1.3 Application PC}{subsection.128}
\BOOKMARK [2][]{subsection.137}{2.1.4 Application mobile}{subsection.128}
\BOOKMARK [1][]{section.143}{2.2 Planning}{section.127}
